<?xml version="1.0" encoding="UTF-8"?>
<testng-results skipped="0" failed="0" ignored="0" total="2" passed="2">
  <reporter-output>
  </reporter-output>
  <suite name="Default suite" duration-ms="62310" started-at="2021-02-27T19:15:52 IST" finished-at="2021-02-27T19:16:54 IST">
    <groups>
    </groups>
    <test name="Default test" duration-ms="62310" started-at="2021-02-27T19:15:52 IST" finished-at="2021-02-27T19:16:54 IST">
      <class name="com.extentReports.LoginTest">
        <test-method status="PASS" signature="preConditions()[pri:0, instance:com.extentReports.LoginTest@59e5ddf]" name="preConditions" is-config="true" duration-ms="24293" started-at="2021-02-27T19:15:52 IST" finished-at="2021-02-27T19:16:16 IST">
          <reporter-output>
          </reporter-output>
        </test-method> <!-- preConditions -->
        <test-method status="PASS" signature="loginTest()[pri:1, instance:com.extentReports.LoginTest@59e5ddf]" name="loginTest" duration-ms="34307" started-at="2021-02-27T19:16:16 IST" finished-at="2021-02-27T19:16:50 IST">
          <reporter-output>
          </reporter-output>
        </test-method> <!-- loginTest -->
        <test-method status="PASS" signature="dummyTest()[pri:2, instance:com.extentReports.LoginTest@59e5ddf]" name="dummyTest" duration-ms="3" started-at="2021-02-27T19:16:50 IST" description="Test extent Report" finished-at="2021-02-27T19:16:50 IST">
          <reporter-output>
          </reporter-output>
        </test-method> <!-- dummyTest -->
        <test-method status="PASS" signature="postConditions()[pri:0, instance:com.extentReports.LoginTest@59e5ddf]" name="postConditions" is-config="true" duration-ms="3600" started-at="2021-02-27T19:16:50 IST" finished-at="2021-02-27T19:16:54 IST">
          <reporter-output>
          </reporter-output>
        </test-method> <!-- postConditions -->
      </class> <!-- com.extentReports.LoginTest -->
    </test> <!-- Default test -->
  </suite> <!-- Default suite -->
</testng-results>
